<?xml version="1.0" encoding="UTF-8"?>
<coverage generated="1689670144">
  <project timestamp="1689670144">
    <file name="C:\Users\dmitry.golovinov\JetBrains\experiments\phpunit\src\FooCls.php">
      <class name="qodana\FooCls" namespace="global">
        <metrics complexity="6" methods="4" coveredmethods="1" conditionals="0" coveredconditionals="0" statements="11" coveredstatements="6" elements="15" coveredelements="7"/>
      </class>
      <class name="qodana\BaseClass" namespace="global">
        <metrics complexity="1" methods="1" coveredmethods="0" conditionals="0" coveredconditionals="0" statements="1" coveredstatements="0" elements="2" coveredelements="0"/>
      </class>
      <line num="7" type="method" name="foo" visibility="public" complexity="1" crap="1" count="1"/>
      <line num="9" type="stmt" count="1"/>
      <line num="12" type="method" name="bar" visibility="public" complexity="2" crap="2.06" count="1"/>
      <line num="14" type="stmt" count="1"/>
      <line num="15" type="stmt" count="1"/>
      <line num="16" type="stmt" count="1"/>
      <line num="18" type="stmt" count="0"/>
      <line num="21" type="method" name="baz" visibility="public" complexity="2" crap="2.86" count="1"/>
      <line num="23" type="stmt" count="1"/>
      <line num="24" type="stmt" count="1"/>
      <line num="26" type="stmt" count="0"/>
      <line num="27" type="stmt" count="0"/>
      <line num="28" type="stmt" count="0"/>
      <line num="31" type="method" name="foobar" visibility="public" complexity="1" crap="2" count="0"/>
      <line num="33" type="stmt" count="0"/>
      <line num="39" type="stmt" count="0"/>
      <line num="44" type="stmt" count="1"/>
      <line num="47" type="stmt" count="1"/>
      <line num="50" type="stmt" count="0"/>
      <line num="51" type="stmt" count="0"/>
      <line num="52" type="stmt" count="0"/>
      <line num="54" type="stmt" count="0"/>
      <line num="55" type="stmt" count="0"/>
      <line num="56" type="stmt" count="0"/>
      <line num="58" type="stmt" count="0"/>
      <line num="59" type="stmt" count="0"/>
      <line num="60" type="stmt" count="0"/>
      <line num="62" type="stmt" count="1"/>
      <line num="64" type="stmt" count="1"/>
      <line num="66" type="stmt" count="0"/>
      <line num="67" type="stmt" count="0"/>
      <line num="68" type="stmt" count="1"/>
      <line num="71" type="method" name="__construct" visibility="public" complexity="1" crap="2" count="0"/>
      <line num="72" type="stmt" count="0"/>
      <metrics loc="75" ncloc="74" classes="2" methods="5" coveredmethods="1" conditionals="0" coveredconditionals="0" statements="29" coveredstatements="11" elements="34" coveredelements="12"/>
    </file>
    <file name="C:\Users\dmitry.golovinov\JetBrains\experiments\phpunit\src\index.php">
      <line num="2" type="stmt" count="0"/>
      <metrics loc="3" ncloc="3" classes="0" methods="0" coveredmethods="0" conditionals="0" coveredconditionals="0" statements="1" coveredstatements="0" elements="1" coveredelements="0"/>
    </file>
    <metrics files="2" loc="78" ncloc="77" classes="2" methods="5" coveredmethods="1" conditionals="0" coveredconditionals="0" statements="30" coveredstatements="11" elements="35" coveredelements="12"/>
  </project>
</coverage>
