TN:
SF:FooCls.ts
FN:6,(anonymous_0)
FN:14,(anonymous_1)
FN:18,(anonymous_2)
FN:26,(anonymous_3)
FN:35,(anonymous_4)
FN:43,(anonymous_5)
FN:44,(anonymous_6)
FN:50,fun1
FN:54,fun2
FN:63,(anonymous_9)
FNF:10
FNH:4
FNDA:3,(anonymous_0)
FNDA:1,(anonymous_1)
FNDA:2,(anonymous_2)
FNDA:0,(anonymous_3)
FNDA:0,(anonymous_4)
FNDA:0,(anonymous_5)
FNDA:0,(anonymous_6)
FNDA:0,fun1
FNDA:2,fun2
FNDA:0,(anonymous_9)
DA:7,3
DA:8,0
DA:10,3
DA:15,1
DA:19,2
DA:20,1
DA:21,1
DA:23,1
DA:27,0
DA:28,0
DA:30,0
DA:31,0
DA:32,0
DA:35,3
DA:36,0
DA:42,1
DA:44,0
DA:45,0
DA:51,0
DA:55,2
DA:64,0
DA:65,0
DA:67,0
LF:23
LH:10
BRDA:7,0,0,0
BRDA:7,0,1,3
BRDA:19,1,0,1
BRDA:19,1,1,1
BRDA:27,2,0,0
BRDA:27,2,1,0
BRDA:64,3,0,0
BRDA:64,3,1,0
BRF:8
BRH:3
end_of_record
