mode: atomic
sources/coverage.go:3.24,5.2 1 1
sources/coverage.go:7.24,8.13 1 1
sources/coverage.go:8.13,10.3 1 1
sources/coverage.go:11.2,13.16 3 0
sources/coverage.go:16.24,20.2 3 0
sources/coverage.go:22.23,24.20 2 1
sources/coverage.go:24.20,26.3 1 1
sources/coverage.go:27.2,27.21 1 1
sources/coverage.go:27.21,29.3 1 1
sources/coverage.go:30.2,31.12 2 1
sources/coverage.go:34.28,35.18 1 1
sources/coverage.go:35.18,39.3 3 0
sources/coverage.go:40.2,40.18 1 1
sources/coverage.go:40.18,43.3 2 0
sources/coverage.go:44.2,44.14 1 1
sources/coverage.go:44.14,46.3 1 0
sources/coverage.go:47.2,47.10 1 1
sources/coverage.go:57.25,59.2 1 1
sources/coverage.go:61.27,65.2 3 0
sources/coverage.go:67.14,72.2 4 1
sources/coverage.go:74.14,83.2 8 0
sources/not_covered.go:3.14,5.2 1 1
sources/not_covered.go:7.15,9.2 1 0
sources/not_covered.go:11.15,13.2 1 0
