<coverage version="6.5.0" timestamp="1692194159469" lines-valid="933" lines-covered="517" line-rate="0.5541" branches-covered="0" branches-valid="0" branch-rate="0" complexity="0">
  <!--
   Generated by coverage.py: https://coverage.readthedocs.io
  -->
  <!--
   Based on https://raw.githubusercontent.com/cobertura/web/master/htdocs/xml/coverage-04.dtd
  -->
  <sources>
    <source/>
  </sources>
  <packages>
    <package name="." line-rate="1" branch-rate="0" complexity="0">
      <classes>
        <class name="FooTest.py" filename="FooTest.py" complexity="0" line-rate="1" branch-rate="0">
          <methods/>
          <lines>
            <line number="1" hits="1"/>
            <line number="2" hits="1"/>
            <line number="5" hits="1"/>
            <line number="7" hits="1"/>
            <line number="8" hits="1"/>
            <line number="9" hits="1"/>
            <line number="10" hits="1"/>
            <line number="11" hits="1"/>
          </lines>
        </class>
      </classes>
    </package>
    <package name=".src" line-rate="0.4857" branch-rate="0" complexity="0">
      <classes>
        <class name="FooCls.py" filename="src/FooCls.py" complexity="0" line-rate="0.4857" branch-rate="0">
          <methods/>
          <lines>
            <line number="1" hits="1"/>
            <line number="2" hits="1"/>
            <line number="3" hits="1"/>
            <line number="4" hits="1"/>
            <line number="5" hits="0"/>
            <line number="6" hits="0"/>
            <line number="7" hits="0"/>
            <line number="9" hits="0"/>
            <line number="11" hits="1"/>
            <line number="12" hits="1"/>
            <line number="13" hits="1"/>
            <line number="14" hits="1"/>
            <line number="15" hits="0"/>
            <line number="16" hits="0"/>
            <line number="18" hits="0"/>
            <line number="20" hits="1"/>
            <line number="21" hits="1"/>
            <line number="22" hits="1"/>
            <line number="23" hits="0"/>
            <line number="24" hits="0"/>
            <line number="25" hits="0"/>
            <line number="26" hits="0"/>
            <line number="27" hits="0"/>
            <line number="29" hits="1"/>
            <line number="30" hits="0"/>
            <line number="33" hits="1"/>
            <line number="34" hits="0"/>
            <line number="35" hits="0"/>
            <line number="36" hits="0"/>
            <line number="38" hits="1"/>
            <line number="39" hits="1"/>
            <line number="41" hits="1"/>
            <line number="42" hits="1"/>
            <line number="43" hits="0"/>
            <line number="44" hits="0"/>
          </lines>
        </class>
        <class name="another.py" filename="src/another.py" complexity="0" line-rate="0.3333" branch-rate="0">
          <methods/>
          <lines>
            <line number="1" hits="1"/>
            <line number="2" hits="0"/>
            <line number="3" hits="0"/>
          </lines>
        </class>
      </classes>
    </package>
  </packages>
</coverage>